<?xml version="1.0" encoding="UTF-8"?>
<testng-results ignored="0" total="2" passed="2" failed="0" skipped="0">
  <reporter-output>
  </reporter-output>
  <suite started-at="2021-06-22T00:18:38 EDT" name="Default suite" finished-at="2021-06-22T00:18:38 EDT" duration-ms="46">
    <groups>
    </groups>
    <test started-at="2021-06-22T00:18:38 EDT" name="Default test" finished-at="2021-06-22T00:18:38 EDT" duration-ms="46">
      <class name="secondPackage.secondtestng">
        <test-method signature="testng()[pri:1, instance:secondPackage.secondtestng@55f616cf]" started-at="2021-06-22T00:18:38 EDT" name="testng" finished-at="2021-06-22T00:18:38 EDT" duration-ms="11" status="PASS">
          <reporter-output>
          </reporter-output>
        </test-method> <!-- testng -->
        <test-method signature="testng1()[pri:2, instance:secondPackage.secondtestng@55f616cf]" started-at="2021-06-22T00:18:38 EDT" name="testng1" finished-at="2021-06-22T00:18:38 EDT" duration-ms="1" status="PASS">
          <reporter-output>
          </reporter-output>
        </test-method> <!-- testng1 -->
      </class> <!-- secondPackage.secondtestng -->
    </test> <!-- Default test -->
  </suite> <!-- Default suite -->
</testng-results>
